<?xml version="1.0" encoding="UTF-8"?>
<testsuite name="Order Repository Tests" tests="4" skipped="0" failures="0" errors="0" timestamp="2025-11-26T23:20:31.222Z" hostname="DESKTOP-13PE41B" time="0.027">
  <properties/>
  <testcase name="Stream: Find by Status" classname="ua.food_delivery.repository.OrderRepositoryTest" time="0.005"/>
  <testcase name="Test Sort by Date DESC" classname="ua.food_delivery.repository.OrderRepositoryTest" time="0.006"/>
  <testcase name="Test Sort by Items Count" classname="ua.food_delivery.repository.OrderRepositoryTest" time="0.007"/>
  <testcase name="Stream: Calculate Total Revenue" classname="ua.food_delivery.repository.OrderRepositoryTest" time="0.008"/>
  <system-out><![CDATA[]]></system-out>
  <system-err><![CDATA[нояб. 27, 2025 1:20:31 AM ua.food_delivery.repository.GenericRepository <init>
INFO: Created repository for Order
нояб. 27, 2025 1:20:31 AM ua.food_delivery.repository.GenericRepository findByIdentity
INFO: No Order found with identity: User_2025-11-17T01:20:31.222273300
нояб. 27, 2025 1:20:31 AM ua.food_delivery.repository.GenericRepository add
INFO: Added Order: User_2025-11-17T01:20:31.222273300
нояб. 27, 2025 1:20:31 AM ua.food_delivery.repository.GenericRepository findByIdentity
INFO: No Order found with identity: User_2025-11-27T01:20:31.222273300
нояб. 27, 2025 1:20:31 AM ua.food_delivery.repository.GenericRepository add
INFO: Added Order: User_2025-11-27T01:20:31.222273300
нояб. 27, 2025 1:20:31 AM ua.food_delivery.repository.GenericRepository findByIdentity
INFO: No Order found with identity: User_2025-11-22T01:20:31.222273300
нояб. 27, 2025 1:20:31 AM ua.food_delivery.repository.GenericRepository add
INFO: Added Order: User_2025-11-22T01:20:31.222273300
нояб. 27, 2025 1:20:31 AM ua.food_delivery.repository.OrderRepository findByStatus
INFO: Found 1 orders with status PENDING
нояб. 27, 2025 1:20:31 AM ua.food_delivery.repository.GenericRepository <init>
INFO: Created repository for Order
нояб. 27, 2025 1:20:31 AM ua.food_delivery.repository.GenericRepository findByIdentity
INFO: No Order found with identity: User_2025-11-17T01:20:31.222273300
нояб. 27, 2025 1:20:31 AM ua.food_delivery.repository.GenericRepository add
INFO: Added Order: User_2025-11-17T01:20:31.222273300
нояб. 27, 2025 1:20:31 AM ua.food_delivery.repository.GenericRepository findByIdentity
INFO: No Order found with identity: User_2025-11-27T01:20:31.222273300
нояб. 27, 2025 1:20:31 AM ua.food_delivery.repository.GenericRepository add
INFO: Added Order: User_2025-11-27T01:20:31.222273300
нояб. 27, 2025 1:20:31 AM ua.food_delivery.repository.GenericRepository findByIdentity
INFO: No Order found with identity: User_2025-11-22T01:20:31.222273300
нояб. 27, 2025 1:20:31 AM ua.food_delivery.repository.GenericRepository add
INFO: Added Order: User_2025-11-22T01:20:31.222273300
нояб. 27, 2025 1:20:31 AM ua.food_delivery.repository.GenericRepository getAll
INFO: Retrieved all Order items. Count: 3
нояб. 27, 2025 1:20:31 AM ua.food_delivery.repository.OrderRepository sortByDateDesc
INFO: Sorted Order by date (desc)
нояб. 27, 2025 1:20:31 AM ua.food_delivery.repository.GenericRepository <init>
INFO: Created repository for Order
нояб. 27, 2025 1:20:31 AM ua.food_delivery.repository.GenericRepository findByIdentity
INFO: No Order found with identity: User_2025-11-17T01:20:31.222273300
нояб. 27, 2025 1:20:31 AM ua.food_delivery.repository.GenericRepository add
INFO: Added Order: User_2025-11-17T01:20:31.222273300
нояб. 27, 2025 1:20:31 AM ua.food_delivery.repository.GenericRepository findByIdentity
INFO: No Order found with identity: User_2025-11-27T01:20:31.222273300
нояб. 27, 2025 1:20:31 AM ua.food_delivery.repository.GenericRepository add
INFO: Added Order: User_2025-11-27T01:20:31.222273300
нояб. 27, 2025 1:20:31 AM ua.food_delivery.repository.GenericRepository findByIdentity
INFO: No Order found with identity: User_2025-11-22T01:20:31.222273300
нояб. 27, 2025 1:20:31 AM ua.food_delivery.repository.GenericRepository add
INFO: Added Order: User_2025-11-22T01:20:31.222273300
нояб. 27, 2025 1:20:31 AM ua.food_delivery.repository.GenericRepository getAll
INFO: Retrieved all Order items. Count: 3
нояб. 27, 2025 1:20:31 AM ua.food_delivery.repository.OrderRepository sortByItemsCount
INFO: Sorted Order by items count
нояб. 27, 2025 1:20:31 AM ua.food_delivery.repository.GenericRepository <init>
INFO: Created repository for Order
нояб. 27, 2025 1:20:31 AM ua.food_delivery.repository.GenericRepository findByIdentity
INFO: No Order found with identity: User_2025-11-17T01:20:31.222273300
нояб. 27, 2025 1:20:31 AM ua.food_delivery.repository.GenericRepository add
INFO: Added Order: User_2025-11-17T01:20:31.222273300
нояб. 27, 2025 1:20:31 AM ua.food_delivery.repository.GenericRepository findByIdentity
INFO: No Order found with identity: User_2025-11-27T01:20:31.222273300
нояб. 27, 2025 1:20:31 AM ua.food_delivery.repository.GenericRepository add
INFO: Added Order: User_2025-11-27T01:20:31.222273300
нояб. 27, 2025 1:20:31 AM ua.food_delivery.repository.GenericRepository findByIdentity
INFO: No Order found with identity: User_2025-11-22T01:20:31.222273300
нояб. 27, 2025 1:20:31 AM ua.food_delivery.repository.GenericRepository add
INFO: Added Order: User_2025-11-22T01:20:31.222273300
нояб. 27, 2025 1:20:31 AM ua.food_delivery.repository.OrderRepository calculateTotalRevenue
INFO: Total revenue calculated: 60.0
]]></system-err>
</testsuite>
