<?xml version="1.0" encoding="UTF-8"?>
<testsuite name="ua.food_delivery.exception.InvalidDataExceptionTest" tests="2" skipped="0" failures="0" errors="0" timestamp="2025-10-30T08:08:29.045Z" hostname="DESKTOP-13PE41B" time="0.019">
  <properties/>
  <testcase name="testMessageAndCauseConstructor()" classname="ua.food_delivery.exception.InvalidDataExceptionTest" time="0.017"/>
  <testcase name="testMessageConstructor()" classname="ua.food_delivery.exception.InvalidDataExceptionTest" time="0.001"/>
  <system-out><![CDATA[]]></system-out>
  <system-err><![CDATA[]]></system-err>
</testsuite>
