<?xml version="1.0" encoding="UTF-8"?>
<testsuite name="ua.food_delivery.util.RestaurantUtilsTest" tests="3" skipped="0" failures="0" errors="0" timestamp="2025-11-27T01:49:57.453Z" hostname="DESKTOP-13PE41B" time="0.002">
  <properties/>
  <testcase name="testIsValidLocation()" classname="ua.food_delivery.util.RestaurantUtilsTest" time="0.001"/>
  <testcase name="testIsValidName()" classname="ua.food_delivery.util.RestaurantUtilsTest" time="0.0"/>
  <testcase name="testIsValidCuisineType()" classname="ua.food_delivery.util.RestaurantUtilsTest" time="0.0"/>
  <system-out><![CDATA[]]></system-out>
  <system-err><![CDATA[]]></system-err>
</testsuite>
