<?xml version="1.0" encoding="UTF-8"?>
<testsuite name="ua.food_delivery.util.DeliveryUtilsTest" tests="2" skipped="0" failures="0" errors="0" timestamp="2025-10-30T08:08:29.201Z" hostname="DESKTOP-13PE41B" time="0.001">
  <properties/>
  <testcase name="testIsValidName()" classname="ua.food_delivery.util.DeliveryUtilsTest" time="0.0"/>
  <testcase name="testCapitalizeText()" classname="ua.food_delivery.util.DeliveryUtilsTest" time="0.0"/>
  <system-out><![CDATA[]]></system-out>
  <system-err><![CDATA[]]></system-err>
</testsuite>
