<?xml version="1.0" encoding="UTF-8"?>
<testsuite name="ua.food_delivery.model.OrderTest" tests="3" skipped="0" failures="0" errors="0" timestamp="2025-11-26T23:20:30.921Z" hostname="DESKTOP-13PE41B" time="0.014">
  <properties/>
  <testcase name="testStatusDescription()" classname="ua.food_delivery.model.OrderTest" time="0.011"/>
  <testcase name="testValidOrderCreation()" classname="ua.food_delivery.model.OrderTest" time="0.001"/>
  <testcase name="testInvalidItemsThrowsException()" classname="ua.food_delivery.model.OrderTest" time="0.001"/>
  <system-out><![CDATA[]]></system-out>
  <system-err><![CDATA[]]></system-err>
</testsuite>
