<?xml version="1.0" encoding="UTF-8"?>
<testsuite name="ua.food_delivery.util.DeliveryUtilsTest" tests="2" skipped="0" failures="0" errors="0" timestamp="2025-11-26T23:20:31.291Z" hostname="DESKTOP-13PE41B" time="0.002">
  <properties/>
  <testcase name="testIsValidName()" classname="ua.food_delivery.util.DeliveryUtilsTest" time="0.001"/>
  <testcase name="testCapitalizeText()" classname="ua.food_delivery.util.DeliveryUtilsTest" time="0.001"/>
  <system-out><![CDATA[]]></system-out>
  <system-err><![CDATA[]]></system-err>
</testsuite>
