<?xml version="1.0" encoding="UTF-8"?>
<testsuite name="Order Repository Tests" tests="5" skipped="0" failures="0" errors="0" timestamp="2025-11-27T20:50:33.741Z" hostname="DESKTOP-13PE41B" time="0.018">
  <properties/>
  <testcase name="Stream: Find by Status" classname="ua.food_delivery.repository.OrderRepositoryTest" time="0.003"/>
  <testcase name="Adding null order returns false" classname="ua.food_delivery.repository.OrderRepositoryTest" time="0.002"/>
  <testcase name="Sort by Date DESC" classname="ua.food_delivery.repository.OrderRepositoryTest" time="0.003"/>
  <testcase name="Sort by Items Count" classname="ua.food_delivery.repository.OrderRepositoryTest" time="0.003"/>
  <testcase name="Stream: Calculate Total Revenue" classname="ua.food_delivery.repository.OrderRepositoryTest" time="0.006"/>
  <system-out><![CDATA[22:50:33.740 [Test worker] INFO ua.food_delivery.model.Customer -- Customer record initialized: Test User
22:50:33.741 [Test worker] INFO ua.food_delivery.model.Order -- Created valid order for User
22:50:33.741 [Test worker] INFO ua.food_delivery.model.Order -- Created valid order for User
]]></system-out>
  <system-err><![CDATA[нояб. 27, 2025 10:50:33 PM ua.food_delivery.repository.GenericRepository <init>
INFO: Created repository for Order
нояб. 27, 2025 10:50:33 PM ua.food_delivery.repository.GenericRepository findByIdentity
INFO: No Order found with identity: User_2025-11-26T22:50:33.741759900
нояб. 27, 2025 10:50:33 PM ua.food_delivery.repository.GenericRepository add
INFO: Added Order: User_2025-11-26T22:50:33.741759900
нояб. 27, 2025 10:50:33 PM ua.food_delivery.repository.GenericRepository findByIdentity
INFO: No Order found with identity: User_2025-11-27T22:50:33.741759900
нояб. 27, 2025 10:50:33 PM ua.food_delivery.repository.GenericRepository add
INFO: Added Order: User_2025-11-27T22:50:33.741759900
нояб. 27, 2025 10:50:33 PM ua.food_delivery.repository.OrderRepository findByStatus
INFO: Found 1 orders with status PENDING
нояб. 27, 2025 10:50:33 PM ua.food_delivery.repository.GenericRepository <init>
INFO: Created repository for Order
нояб. 27, 2025 10:50:33 PM ua.food_delivery.repository.GenericRepository findByIdentity
INFO: No Order found with identity: User_2025-11-26T22:50:33.741759900
нояб. 27, 2025 10:50:33 PM ua.food_delivery.repository.GenericRepository add
INFO: Added Order: User_2025-11-26T22:50:33.741759900
нояб. 27, 2025 10:50:33 PM ua.food_delivery.repository.GenericRepository findByIdentity
INFO: No Order found with identity: User_2025-11-27T22:50:33.741759900
нояб. 27, 2025 10:50:33 PM ua.food_delivery.repository.GenericRepository add
INFO: Added Order: User_2025-11-27T22:50:33.741759900
нояб. 27, 2025 10:50:33 PM ua.food_delivery.repository.GenericRepository add
WARNING: Attempted to add null Order
нояб. 27, 2025 10:50:33 PM ua.food_delivery.repository.GenericRepository <init>
INFO: Created repository for Order
нояб. 27, 2025 10:50:33 PM ua.food_delivery.repository.GenericRepository findByIdentity
INFO: No Order found with identity: User_2025-11-26T22:50:33.741759900
нояб. 27, 2025 10:50:33 PM ua.food_delivery.repository.GenericRepository add
INFO: Added Order: User_2025-11-26T22:50:33.741759900
нояб. 27, 2025 10:50:33 PM ua.food_delivery.repository.GenericRepository findByIdentity
INFO: No Order found with identity: User_2025-11-27T22:50:33.741759900
нояб. 27, 2025 10:50:33 PM ua.food_delivery.repository.GenericRepository add
INFO: Added Order: User_2025-11-27T22:50:33.741759900
нояб. 27, 2025 10:50:33 PM ua.food_delivery.repository.GenericRepository getAll
INFO: Retrieved all Order items. Count: 2
нояб. 27, 2025 10:50:33 PM ua.food_delivery.repository.OrderRepository sortByDateDesc
INFO: Sorted Order by date (desc)
нояб. 27, 2025 10:50:33 PM ua.food_delivery.repository.GenericRepository <init>
INFO: Created repository for Order
нояб. 27, 2025 10:50:33 PM ua.food_delivery.repository.GenericRepository findByIdentity
INFO: No Order found with identity: User_2025-11-26T22:50:33.741759900
нояб. 27, 2025 10:50:33 PM ua.food_delivery.repository.GenericRepository add
INFO: Added Order: User_2025-11-26T22:50:33.741759900
нояб. 27, 2025 10:50:33 PM ua.food_delivery.repository.GenericRepository findByIdentity
INFO: No Order found with identity: User_2025-11-27T22:50:33.741759900
нояб. 27, 2025 10:50:33 PM ua.food_delivery.repository.GenericRepository add
INFO: Added Order: User_2025-11-27T22:50:33.741759900
нояб. 27, 2025 10:50:33 PM ua.food_delivery.repository.GenericRepository getAll
INFO: Retrieved all Order items. Count: 2
нояб. 27, 2025 10:50:33 PM ua.food_delivery.repository.OrderRepository sortByItemsCount
INFO: Sorted Order by items count
нояб. 27, 2025 10:50:33 PM ua.food_delivery.repository.GenericRepository <init>
INFO: Created repository for Order
нояб. 27, 2025 10:50:33 PM ua.food_delivery.repository.GenericRepository findByIdentity
INFO: No Order found with identity: User_2025-11-26T22:50:33.741759900
нояб. 27, 2025 10:50:33 PM ua.food_delivery.repository.GenericRepository add
INFO: Added Order: User_2025-11-26T22:50:33.741759900
нояб. 27, 2025 10:50:33 PM ua.food_delivery.repository.GenericRepository findByIdentity
INFO: No Order found with identity: User_2025-11-27T22:50:33.741759900
нояб. 27, 2025 10:50:33 PM ua.food_delivery.repository.GenericRepository add
INFO: Added Order: User_2025-11-27T22:50:33.741759900
нояб. 27, 2025 10:50:33 PM ua.food_delivery.repository.OrderRepository calculateTotalRevenue
INFO: Total revenue calculated: 250.0
]]></system-err>
</testsuite>
