<?xml version="1.0" encoding="UTF-8"?>
<testsuite name="Customer Repository Tests" tests="8" skipped="0" failures="0" errors="0" timestamp="2025-11-27T20:50:33.640Z" hostname="DESKTOP-13PE41B" time="0.046">
  <properties/>
  <testcase name="Test External Sort by Name" classname="ua.food_delivery.repository.CustomerRepositoryTest" time="0.006"/>
  <testcase name="Adding null returns false (graceful handling)" classname="ua.food_delivery.repository.CustomerRepositoryTest" time="0.004"/>
  <testcase name="[1] Kyiv, 1" classname="ua.food_delivery.repository.CustomerRepositoryTest" time="0.007"/>
  <testcase name="[2] Street, 2" classname="ua.food_delivery.repository.CustomerRepositoryTest" time="0.003"/>
  <testcase name="[3] St, 3" classname="ua.food_delivery.repository.CustomerRepositoryTest" time="0.004"/>
  <testcase name="[4] Berlin, 0" classname="ua.food_delivery.repository.CustomerRepositoryTest" time="0.004"/>
  <testcase name="Order 'asc'" classname="ua.food_delivery.repository.CustomerRepositoryTest" time="0.004"/>
  <testcase name="Order 'desc'" classname="ua.food_delivery.repository.CustomerRepositoryTest" time="0.004"/>
  <system-out><![CDATA[22:50:33.639 [Test worker] INFO ua.food_delivery.model.Customer -- Customer record initialized: Ivan Zebra
22:50:33.639 [Test worker] INFO ua.food_delivery.model.Customer -- Customer record initialized: Anna Apple
22:50:33.640 [Test worker] INFO ua.food_delivery.model.Customer -- Customer record initialized: Petro Borets
]]></system-out>
  <system-err><![CDATA[нояб. 27, 2025 10:50:33 PM ua.food_delivery.repository.GenericRepository <init>
INFO: Created repository for Customer
нояб. 27, 2025 10:50:33 PM ua.food_delivery.repository.GenericRepository findByIdentity
INFO: No Customer found with identity: Ivan Zebra
нояб. 27, 2025 10:50:33 PM ua.food_delivery.repository.GenericRepository add
INFO: Added Customer: Ivan Zebra
нояб. 27, 2025 10:50:33 PM ua.food_delivery.repository.GenericRepository findByIdentity
INFO: No Customer found with identity: Anna Apple
нояб. 27, 2025 10:50:33 PM ua.food_delivery.repository.GenericRepository add
INFO: Added Customer: Anna Apple
нояб. 27, 2025 10:50:33 PM ua.food_delivery.repository.GenericRepository findByIdentity
INFO: No Customer found with identity: Petro Borets
нояб. 27, 2025 10:50:33 PM ua.food_delivery.repository.GenericRepository add
INFO: Added Customer: Petro Borets
нояб. 27, 2025 10:50:33 PM ua.food_delivery.repository.GenericRepository getAll
INFO: Retrieved all Customer items. Count: 3
нояб. 27, 2025 10:50:33 PM ua.food_delivery.repository.CustomerRepository sortByName
INFO: Sorted Customer by last name and first name
нояб. 27, 2025 10:50:33 PM ua.food_delivery.repository.GenericRepository <init>
INFO: Created repository for Customer
нояб. 27, 2025 10:50:33 PM ua.food_delivery.repository.GenericRepository findByIdentity
INFO: No Customer found with identity: Ivan Zebra
нояб. 27, 2025 10:50:33 PM ua.food_delivery.repository.GenericRepository add
INFO: Added Customer: Ivan Zebra
нояб. 27, 2025 10:50:33 PM ua.food_delivery.repository.GenericRepository findByIdentity
INFO: No Customer found with identity: Anna Apple
нояб. 27, 2025 10:50:33 PM ua.food_delivery.repository.GenericRepository add
INFO: Added Customer: Anna Apple
нояб. 27, 2025 10:50:33 PM ua.food_delivery.repository.GenericRepository findByIdentity
INFO: No Customer found with identity: Petro Borets
нояб. 27, 2025 10:50:33 PM ua.food_delivery.repository.GenericRepository add
INFO: Added Customer: Petro Borets
нояб. 27, 2025 10:50:33 PM ua.food_delivery.repository.GenericRepository add
WARNING: Attempted to add null Customer
нояб. 27, 2025 10:50:33 PM ua.food_delivery.repository.GenericRepository <init>
INFO: Created repository for Customer
нояб. 27, 2025 10:50:33 PM ua.food_delivery.repository.GenericRepository findByIdentity
INFO: No Customer found with identity: Ivan Zebra
нояб. 27, 2025 10:50:33 PM ua.food_delivery.repository.GenericRepository add
INFO: Added Customer: Ivan Zebra
нояб. 27, 2025 10:50:33 PM ua.food_delivery.repository.GenericRepository findByIdentity
INFO: No Customer found with identity: Anna Apple
нояб. 27, 2025 10:50:33 PM ua.food_delivery.repository.GenericRepository add
INFO: Added Customer: Anna Apple
нояб. 27, 2025 10:50:33 PM ua.food_delivery.repository.GenericRepository findByIdentity
INFO: No Customer found with identity: Petro Borets
нояб. 27, 2025 10:50:33 PM ua.food_delivery.repository.GenericRepository add
INFO: Added Customer: Petro Borets
нояб. 27, 2025 10:50:33 PM ua.food_delivery.repository.CustomerRepository findByAddressContaining
INFO: Found 1 customers with address containing 'Kyiv'
нояб. 27, 2025 10:50:33 PM ua.food_delivery.repository.GenericRepository <init>
INFO: Created repository for Customer
нояб. 27, 2025 10:50:33 PM ua.food_delivery.repository.GenericRepository findByIdentity
INFO: No Customer found with identity: Ivan Zebra
нояб. 27, 2025 10:50:33 PM ua.food_delivery.repository.GenericRepository add
INFO: Added Customer: Ivan Zebra
нояб. 27, 2025 10:50:33 PM ua.food_delivery.repository.GenericRepository findByIdentity
INFO: No Customer found with identity: Anna Apple
нояб. 27, 2025 10:50:33 PM ua.food_delivery.repository.GenericRepository add
INFO: Added Customer: Anna Apple
нояб. 27, 2025 10:50:33 PM ua.food_delivery.repository.GenericRepository findByIdentity
INFO: No Customer found with identity: Petro Borets
нояб. 27, 2025 10:50:33 PM ua.food_delivery.repository.GenericRepository add
INFO: Added Customer: Petro Borets
нояб. 27, 2025 10:50:33 PM ua.food_delivery.repository.CustomerRepository findByAddressContaining
INFO: Found 2 customers with address containing 'Street'
нояб. 27, 2025 10:50:33 PM ua.food_delivery.repository.GenericRepository <init>
INFO: Created repository for Customer
нояб. 27, 2025 10:50:33 PM ua.food_delivery.repository.GenericRepository findByIdentity
INFO: No Customer found with identity: Ivan Zebra
нояб. 27, 2025 10:50:33 PM ua.food_delivery.repository.GenericRepository add
INFO: Added Customer: Ivan Zebra
нояб. 27, 2025 10:50:33 PM ua.food_delivery.repository.GenericRepository findByIdentity
INFO: No Customer found with identity: Anna Apple
нояб. 27, 2025 10:50:33 PM ua.food_delivery.repository.GenericRepository add
INFO: Added Customer: Anna Apple
нояб. 27, 2025 10:50:33 PM ua.food_delivery.repository.GenericRepository findByIdentity
INFO: No Customer found with identity: Petro Borets
нояб. 27, 2025 10:50:33 PM ua.food_delivery.repository.GenericRepository add
INFO: Added Customer: Petro Borets
нояб. 27, 2025 10:50:33 PM ua.food_delivery.repository.CustomerRepository findByAddressContaining
INFO: Found 3 customers with address containing 'St'
нояб. 27, 2025 10:50:33 PM ua.food_delivery.repository.GenericRepository <init>
INFO: Created repository for Customer
нояб. 27, 2025 10:50:33 PM ua.food_delivery.repository.GenericRepository findByIdentity
INFO: No Customer found with identity: Ivan Zebra
нояб. 27, 2025 10:50:33 PM ua.food_delivery.repository.GenericRepository add
INFO: Added Customer: Ivan Zebra
нояб. 27, 2025 10:50:33 PM ua.food_delivery.repository.GenericRepository findByIdentity
INFO: No Customer found with identity: Anna Apple
нояб. 27, 2025 10:50:33 PM ua.food_delivery.repository.GenericRepository add
INFO: Added Customer: Anna Apple
нояб. 27, 2025 10:50:33 PM ua.food_delivery.repository.GenericRepository findByIdentity
INFO: No Customer found with identity: Petro Borets
нояб. 27, 2025 10:50:33 PM ua.food_delivery.repository.GenericRepository add
INFO: Added Customer: Petro Borets
нояб. 27, 2025 10:50:33 PM ua.food_delivery.repository.CustomerRepository findByAddressContaining
INFO: Found 0 customers with address containing 'Berlin'
нояб. 27, 2025 10:50:33 PM ua.food_delivery.repository.GenericRepository <init>
INFO: Created repository for Customer
нояб. 27, 2025 10:50:33 PM ua.food_delivery.repository.GenericRepository findByIdentity
INFO: No Customer found with identity: Ivan Zebra
нояб. 27, 2025 10:50:33 PM ua.food_delivery.repository.GenericRepository add
INFO: Added Customer: Ivan Zebra
нояб. 27, 2025 10:50:33 PM ua.food_delivery.repository.GenericRepository findByIdentity
INFO: No Customer found with identity: Anna Apple
нояб. 27, 2025 10:50:33 PM ua.food_delivery.repository.GenericRepository add
INFO: Added Customer: Anna Apple
нояб. 27, 2025 10:50:33 PM ua.food_delivery.repository.GenericRepository findByIdentity
INFO: No Customer found with identity: Petro Borets
нояб. 27, 2025 10:50:33 PM ua.food_delivery.repository.GenericRepository add
INFO: Added Customer: Petro Borets
нояб. 27, 2025 10:50:33 PM ua.food_delivery.repository.GenericRepository sortByIdentity
INFO: Sorted Customer by identity in ascending order
нояб. 27, 2025 10:50:33 PM ua.food_delivery.repository.GenericRepository getAll
INFO: Retrieved all Customer items. Count: 3
нояб. 27, 2025 10:50:33 PM ua.food_delivery.repository.GenericRepository <init>
INFO: Created repository for Customer
нояб. 27, 2025 10:50:33 PM ua.food_delivery.repository.GenericRepository findByIdentity
INFO: No Customer found with identity: Ivan Zebra
нояб. 27, 2025 10:50:33 PM ua.food_delivery.repository.GenericRepository add
INFO: Added Customer: Ivan Zebra
нояб. 27, 2025 10:50:33 PM ua.food_delivery.repository.GenericRepository findByIdentity
INFO: No Customer found with identity: Anna Apple
нояб. 27, 2025 10:50:33 PM ua.food_delivery.repository.GenericRepository add
INFO: Added Customer: Anna Apple
нояб. 27, 2025 10:50:33 PM ua.food_delivery.repository.GenericRepository findByIdentity
INFO: No Customer found with identity: Petro Borets
нояб. 27, 2025 10:50:33 PM ua.food_delivery.repository.GenericRepository add
INFO: Added Customer: Petro Borets
нояб. 27, 2025 10:50:33 PM ua.food_delivery.repository.GenericRepository sortByIdentity
INFO: Sorted Customer by identity in descending order
нояб. 27, 2025 10:50:33 PM ua.food_delivery.repository.GenericRepository getAll
INFO: Retrieved all Customer items. Count: 3
]]></system-err>
</testsuite>
