<?xml version="1.0" encoding="UTF-8"?>
<testsuite name="ua.food_delivery.model.CustomerTest" tests="3" skipped="0" failures="0" errors="0" timestamp="2025-11-27T01:49:56.683Z" hostname="DESKTOP-13PE41B" time="0.006">
  <properties/>
  <testcase name="testInvalidAddressThrowsException()" classname="ua.food_delivery.model.CustomerTest" time="0.003"/>
  <testcase name="testInvalidNameThrowsException()" classname="ua.food_delivery.model.CustomerTest" time="0.001"/>
  <testcase name="testValidCustomer()" classname="ua.food_delivery.model.CustomerTest" time="0.0"/>
  <system-out><![CDATA[]]></system-out>
  <system-err><![CDATA[]]></system-err>
</testsuite>
