<?xml version="1.0" encoding="UTF-8"?>
<testsuite name="MenuItem Repository Tests" tests="4" skipped="0" failures="0" errors="0" timestamp="2025-11-27T20:50:33.717Z" hostname="DESKTOP-13PE41B" time="0.021">
  <properties/>
  <testcase name="Adding null item returns false" classname="ua.food_delivery.repository.MenuItemRepositoryTest" time="0.003"/>
  <testcase name="Stream: Most expensive item" classname="ua.food_delivery.repository.MenuItemRepositoryTest" time="0.009"/>
  <testcase name="Stream: Find in price range" classname="ua.food_delivery.repository.MenuItemRepositoryTest" time="0.005"/>
  <testcase name="Sort by Price ASC" classname="ua.food_delivery.repository.MenuItemRepositoryTest" time="0.004"/>
  <system-out><![CDATA[]]></system-out>
  <system-err><![CDATA[нояб. 27, 2025 10:50:33 PM ua.food_delivery.repository.GenericRepository <init>
INFO: Created repository for MenuItem
нояб. 27, 2025 10:50:33 PM ua.food_delivery.repository.GenericRepository findByIdentity
INFO: No MenuItem found with identity: Water
нояб. 27, 2025 10:50:33 PM ua.food_delivery.repository.GenericRepository add
INFO: Added MenuItem: Water
нояб. 27, 2025 10:50:33 PM ua.food_delivery.repository.GenericRepository findByIdentity
INFO: No MenuItem found with identity: Steak
нояб. 27, 2025 10:50:33 PM ua.food_delivery.repository.GenericRepository add
INFO: Added MenuItem: Steak
нояб. 27, 2025 10:50:33 PM ua.food_delivery.repository.GenericRepository findByIdentity
INFO: No MenuItem found with identity: Pasta
нояб. 27, 2025 10:50:33 PM ua.food_delivery.repository.GenericRepository add
INFO: Added MenuItem: Pasta
нояб. 27, 2025 10:50:33 PM ua.food_delivery.repository.GenericRepository findByIdentity
INFO: No MenuItem found with identity: Soup
нояб. 27, 2025 10:50:33 PM ua.food_delivery.repository.GenericRepository add
INFO: Added MenuItem: Soup
нояб. 27, 2025 10:50:33 PM ua.food_delivery.repository.GenericRepository add
WARNING: Attempted to add null MenuItem
нояб. 27, 2025 10:50:33 PM ua.food_delivery.repository.GenericRepository <init>
INFO: Created repository for MenuItem
нояб. 27, 2025 10:50:33 PM ua.food_delivery.repository.GenericRepository findByIdentity
INFO: No MenuItem found with identity: Water
нояб. 27, 2025 10:50:33 PM ua.food_delivery.repository.GenericRepository add
INFO: Added MenuItem: Water
нояб. 27, 2025 10:50:33 PM ua.food_delivery.repository.GenericRepository findByIdentity
INFO: No MenuItem found with identity: Steak
нояб. 27, 2025 10:50:33 PM ua.food_delivery.repository.GenericRepository add
INFO: Added MenuItem: Steak
нояб. 27, 2025 10:50:33 PM ua.food_delivery.repository.GenericRepository findByIdentity
INFO: No MenuItem found with identity: Pasta
нояб. 27, 2025 10:50:33 PM ua.food_delivery.repository.GenericRepository add
INFO: Added MenuItem: Pasta
нояб. 27, 2025 10:50:33 PM ua.food_delivery.repository.GenericRepository findByIdentity
INFO: No MenuItem found with identity: Soup
нояб. 27, 2025 10:50:33 PM ua.food_delivery.repository.GenericRepository add
INFO: Added MenuItem: Soup
нояб. 27, 2025 10:50:33 PM ua.food_delivery.repository.MenuItemRepository lambda$getMostExpensiveItem$1
INFO: Most expensive item: Steak (500.0)
нояб. 27, 2025 10:50:33 PM ua.food_delivery.repository.GenericRepository <init>
INFO: Created repository for MenuItem
нояб. 27, 2025 10:50:33 PM ua.food_delivery.repository.GenericRepository findByIdentity
INFO: No MenuItem found with identity: Water
нояб. 27, 2025 10:50:33 PM ua.food_delivery.repository.GenericRepository add
INFO: Added MenuItem: Water
нояб. 27, 2025 10:50:33 PM ua.food_delivery.repository.GenericRepository findByIdentity
INFO: No MenuItem found with identity: Steak
нояб. 27, 2025 10:50:33 PM ua.food_delivery.repository.GenericRepository add
INFO: Added MenuItem: Steak
нояб. 27, 2025 10:50:33 PM ua.food_delivery.repository.GenericRepository findByIdentity
INFO: No MenuItem found with identity: Pasta
нояб. 27, 2025 10:50:33 PM ua.food_delivery.repository.GenericRepository add
INFO: Added MenuItem: Pasta
нояб. 27, 2025 10:50:33 PM ua.food_delivery.repository.GenericRepository findByIdentity
INFO: No MenuItem found with identity: Soup
нояб. 27, 2025 10:50:33 PM ua.food_delivery.repository.GenericRepository add
INFO: Added MenuItem: Soup
нояб. 27, 2025 10:50:33 PM ua.food_delivery.repository.MenuItemRepository findByPriceRange
INFO: Found 2 items with price between 40,00 and 250,00
нояб. 27, 2025 10:50:33 PM ua.food_delivery.repository.GenericRepository <init>
INFO: Created repository for MenuItem
нояб. 27, 2025 10:50:33 PM ua.food_delivery.repository.GenericRepository findByIdentity
INFO: No MenuItem found with identity: Water
нояб. 27, 2025 10:50:33 PM ua.food_delivery.repository.GenericRepository add
INFO: Added MenuItem: Water
нояб. 27, 2025 10:50:33 PM ua.food_delivery.repository.GenericRepository findByIdentity
INFO: No MenuItem found with identity: Steak
нояб. 27, 2025 10:50:33 PM ua.food_delivery.repository.GenericRepository add
INFO: Added MenuItem: Steak
нояб. 27, 2025 10:50:33 PM ua.food_delivery.repository.GenericRepository findByIdentity
INFO: No MenuItem found with identity: Pasta
нояб. 27, 2025 10:50:33 PM ua.food_delivery.repository.GenericRepository add
INFO: Added MenuItem: Pasta
нояб. 27, 2025 10:50:33 PM ua.food_delivery.repository.GenericRepository findByIdentity
INFO: No MenuItem found with identity: Soup
нояб. 27, 2025 10:50:33 PM ua.food_delivery.repository.GenericRepository add
INFO: Added MenuItem: Soup
нояб. 27, 2025 10:50:33 PM ua.food_delivery.repository.GenericRepository getAll
INFO: Retrieved all MenuItem items. Count: 4
нояб. 27, 2025 10:50:33 PM ua.food_delivery.repository.MenuItemRepository sortByPriceAsc
INFO: Sorted MenuItem by price (asc)
]]></system-err>
</testsuite>
