<?xml version="1.0" encoding="UTF-8"?>
<testsuite name="ua.food_delivery.util.CustomerUtilsTest" tests="3" skipped="0" failures="0" errors="0" timestamp="2025-10-30T08:08:29.196Z" hostname="DESKTOP-13PE41B" time="0.003">
  <properties/>
  <testcase name="testIsValidName()" classname="ua.food_delivery.util.CustomerUtilsTest" time="0.001"/>
  <testcase name="testIsValidAddress()" classname="ua.food_delivery.util.CustomerUtilsTest" time="0.001"/>
  <testcase name="testCapitalizeText()" classname="ua.food_delivery.util.CustomerUtilsTest" time="0.001"/>
  <system-out><![CDATA[]]></system-out>
  <system-err><![CDATA[]]></system-err>
</testsuite>
