<?xml version="1.0" encoding="UTF-8"?>
<testsuite name="ua.food_delivery.util.MenuItemUtilsTest" tests="3" skipped="0" failures="0" errors="0" timestamp="2025-11-27T20:50:34.129Z" hostname="DESKTOP-13PE41B" time="0.003">
  <properties/>
  <testcase name="testIsValidPrice()" classname="ua.food_delivery.util.MenuItemUtilsTest" time="0.001"/>
  <testcase name="testIsValidName()" classname="ua.food_delivery.util.MenuItemUtilsTest" time="0.0"/>
  <testcase name="testIsValidCategory()" classname="ua.food_delivery.util.MenuItemUtilsTest" time="0.0"/>
  <system-out><![CDATA[]]></system-out>
  <system-err><![CDATA[]]></system-err>
</testsuite>
