<?xml version="1.0" encoding="UTF-8"?>
<testsuite name="ua.food_delivery.model.DeliveryTest" tests="2" skipped="0" failures="0" errors="0" timestamp="2025-11-26T23:20:30.862Z" hostname="DESKTOP-13PE41B" time="0.049">
  <properties/>
  <testcase name="testValidDeliveryCreation()" classname="ua.food_delivery.model.DeliveryTest" time="0.047"/>
  <testcase name="testInvalidDeliveryPerson()" classname="ua.food_delivery.model.DeliveryTest" time="0.001"/>
  <system-out><![CDATA[]]></system-out>
  <system-err><![CDATA[]]></system-err>
</testsuite>
