<?xml version="1.0" encoding="UTF-8"?>
<testsuite name="ua.food_delivery.model.MenuItemTest" tests="3" skipped="0" failures="0" errors="0" timestamp="2025-11-26T17:07:36.550Z" hostname="DESKTOP-13PE41B" time="0.007">
  <properties/>
  <testcase name="testInvalidPriceThrowsException()" classname="ua.food_delivery.model.MenuItemTest" time="0.005"/>
  <testcase name="testValidMenuItem()" classname="ua.food_delivery.model.MenuItemTest" time="0.001"/>
  <testcase name="testEqualsAndHashCode()" classname="ua.food_delivery.model.MenuItemTest" time="0.001"/>
  <system-out><![CDATA[]]></system-out>
  <system-err><![CDATA[]]></system-err>
</testsuite>
