<?xml version="1.0" encoding="UTF-8"?>
<testsuite name="Order Model Tests" tests="2" skipped="0" failures="0" errors="0" timestamp="2025-11-27T20:50:33.612Z" hostname="DESKTOP-13PE41B" time="0.012">
  <properties/>
  <testcase name="Create valid order" classname="ua.food_delivery.model.OrderTest" time="0.002"/>
  <testcase name="Throw exception for empty item list" classname="ua.food_delivery.model.OrderTest" time="0.01"/>
  <system-out><![CDATA[22:50:33.613 [Test worker] INFO ua.food_delivery.model.Customer -- Customer record initialized: Ivan Franko
22:50:33.615 [Test worker] INFO ua.food_delivery.model.Customer -- Customer record initialized: Ivan Franko
]]></system-out>
  <system-err><![CDATA[]]></system-err>
</testsuite>
